# JRE version: Java(TM) SE Runtime Environment (8.0_121-b13) (build 1.8.0_121-b13)
# Java VM: Java HotSpot(TM) 64-Bit Server VM (25.121-b13 mixed mode linux-amd64 compressed oops)
Heap:
 PSYoungGen      total 2141696K, used 0K [0x00000006eab00000, 0x00000007c0000000, 0x00000007c0000000)
  eden space 1165312K, 0% used [0x00000006eab00000,0x00000006eab00000,0x0000000731d00000)
  from space 976384K, 0% used [0x0000000784680000,0x0000000784680000,0x00000007c0000000)
  to   space 1164800K, 0% used [0x0000000731d00000,0x0000000731d00000,0x0000000778e80000)
 ParOldGen       total 2795008K, used 2185035K [0x0000000540000000, 0x00000005ea980000, 0x00000006eab00000)
  object space 2795008K, 78% used [0x0000000540000000,0x00000005c55d2d50,0x00000005ea980000)
 Metaspace       used 68172K, capacity 68944K, committed 69248K, reserved 1110016K
  class space    used 9348K, capacity 9552K, committed 9600K, reserved 1048576K
GC Heap History (10 events):
Event: 138.306 GC heap after
Heap after GC invocations=32 (full 8):
 PSYoungGen      total 2361344K, used 0K [0x00000006eab00000, 0x00000007c0000000, 0x00000007c0000000)
  eden space 1639424K, 0% used [0x00000006eab00000,0x00000006eab00000,0x000000074ec00000)
  from space 721920K, 0% used [0x0000000792180000,0x0000000792180000,0x00000007be280000)
  to   space 927744K, 0% used [0x000000074ec00000,0x000000074ec00000,0x0000000787600000)
 ParOldGen       total 2468864K, used 729806K [0x0000000540000000, 0x00000005d6b00000, 0x00000006eab00000)
  object space 2468864K, 29% used [0x0000000540000000,0x000000056c8b3818,0x00000005d6b00000)
 Metaspace       used 68088K, capacity 68862K, committed 69248K, reserved 1110016K
  class space    used 9346K, capacity 9549K, committed 9600K, reserved 1048576K
}
Event: 145.086 GC heap before
{Heap before GC invocations=33 (full 8):
 PSYoungGen      total 2361344K, used 1639424K [0x00000006eab00000, 0x00000007c0000000, 0x00000007c0000000)
  eden space 1639424K, 100% used [0x00000006eab00000,0x000000074ec00000,0x000000074ec00000)
  from space 721920K, 0% used [0x0000000792180000,0x0000000792180000,0x00000007be280000)
  to   space 927744K, 0% used [0x000000074ec00000,0x000000074ec00000,0x0000000787600000)
 ParOldGen       total 2468864K, used 729806K [0x0000000540000000, 0x00000005d6b00000, 0x00000006eab00000)
  object space 2468864K, 29% used [0x0000000540000000,0x000000056c8b3818,0x00000005d6b00000)
 Metaspace       used 68119K, capacity 68926K, committed 69248K, reserved 1110016K
  class space    used 9346K, capacity 9549K, committed 9600K, reserved 1048576K
Event: 145.280 GC heap after
Heap after GC invocations=33 (full 8):
 PSYoungGen      total 2292224K, used 652655K [0x00000006eab00000, 0x00000007c0000000, 0x00000007c0000000)
  eden space 1639424K, 0% used [0x00000006eab00000,0x00000006eab00000,0x000000074ec00000)
  from space 652800K, 99% used [0x000000074ec00000,0x000000077695bf90,0x0000000776980000)
  to   space 968704K, 0% used [0x0000000784e00000,0x0000000784e00000,0x00000007c0000000)
 ParOldGen       total 2468864K, used 729814K [0x0000000540000000, 0x00000005d6b00000, 0x00000006eab00000)
  object space 2468864K, 29% used [0x0000000540000000,0x000000056c8b5818,0x00000005d6b00000)
 Metaspace       used 68119K, capacity 68926K, committed 69248K, reserved 1110016K
  class space    used 9346K, capacity 9549K, committed 9600K, reserved 1048576K
}
Event: 150.466 GC heap before
{Heap before GC invocations=34 (full 8):
 PSYoungGen      total 2292224K, used 2292079K [0x00000006eab00000, 0x00000007c0000000, 0x00000007c0000000)
  eden space 1639424K, 100% used [0x00000006eab00000,0x000000074ec00000,0x000000074ec00000)
  from space 652800K, 99% used [0x000000074ec00000,0x000000077695bf90,0x0000000776980000)
  to   space 968704K, 0% used [0x0000000784e00000,0x0000000784e00000,0x00000007c0000000)
 ParOldGen       total 2468864K, used 729814K [0x0000000540000000, 0x00000005d6b00000, 0x00000006eab00000)
  object space 2468864K, 29% used [0x0000000540000000,0x000000056c8b5818,0x00000005d6b00000)
 Metaspace       used 68119K, capacity 68926K, committed 69248K, reserved 1110016K
  class space    used 9346K, capacity 9549K, committed 9600K, reserved 1048576K
Event: 163.840 GC heap after
Heap after GC invocations=34 (full 8):
 PSYoungGen      total 2544640K, used 213985K [0x00000006eab00000, 0x00000007c0000000, 0x00000007c0000000)
  eden space 1575936K, 0% used [0x00000006eab00000,0x00000006eab00000,0x000000074ae00000)
  from space 968704K, 22% used [0x0000000784e00000,0x0000000791ef85d0,0x00000007c0000000)
  to   space 950272K, 0% used [0x000000074ae00000,0x000000074ae00000,0x0000000784e00000)
 ParOldGen       total 2468864K, used 1380117K [0x0000000540000000, 0x00000005d6b00000, 0x00000006eab00000)
  object space 2468864K, 55% used [0x0000000540000000,0x00000005943c56c8,0x00000005d6b00000)
 Metaspace       used 68119K, capacity 68926K, committed 69248K, reserved 1110016K
  class space    used 9346K, capacity 9549K, committed 9600K, reserved 1048576K
}
Event: 177.473 GC heap before
{Heap before GC invocations=35 (full 8):
 PSYoungGen      total 2544640K, used 1789921K [0x00000006eab00000, 0x00000007c0000000, 0x00000007c0000000)
  eden space 1575936K, 100% used [0x00000006eab00000,0x000000074ae00000,0x000000074ae00000)
  from space 968704K, 22% used [0x0000000784e00000,0x0000000791ef85d0,0x00000007c0000000)
  to   space 950272K, 0% used [0x000000074ae00000,0x000000074ae00000,0x0000000784e00000)
 ParOldGen       total 2468864K, used 1380117K [0x0000000540000000, 0x00000005d6b00000, 0x00000006eab00000)
  object space 2468864K, 55% used [0x0000000540000000,0x00000005943c56c8,0x00000005d6b00000)
 Metaspace       used 68166K, capacity 68944K, committed 69248K, reserved 1110016K
  class space    used 9348K, capacity 9552K, committed 9600K, reserved 1048576K
Event: 177.756 GC heap after
Heap after GC invocations=35 (full 8):
 PSYoungGen      total 2198528K, used 622130K [0x00000006eab00000, 0x00000007c0000000, 0x00000007c0000000)
  eden space 1575936K, 0% used [0x00000006eab00000,0x00000006eab00000,0x000000074ae00000)
  from space 622592K, 99% used [0x000000074ae00000,0x0000000770d8cbe0,0x0000000770e00000)
  to   space 976384K, 0% used [0x0000000784680000,0x0000000784680000,0x00000007c0000000)
 ParOldGen       total 2468864K, used 1592258K [0x0000000540000000, 0x00000005d6b00000, 0x00000006eab00000)
  object space 2468864K, 64% used [0x0000000540000000,0x00000005a12f0a98,0x00000005d6b00000)
 Metaspace       used 68166K, capacity 68944K, committed 69248K, reserved 1110016K
  class space    used 9348K, capacity 9552K, committed 9600K, reserved 1048576K
}
Event: 181.333 GC heap before
{Heap before GC invocations=36 (full 8):
 PSYoungGen      total 2198528K, used 2198066K [0x00000006eab00000, 0x00000007c0000000, 0x00000007c0000000)
  eden space 1575936K, 100% used [0x00000006eab00000,0x000000074ae00000,0x000000074ae00000)
  from space 622592K, 99% used [0x000000074ae00000,0x0000000770d8cbe0,0x0000000770e00000)
  to   space 976384K, 0% used [0x0000000784680000,0x0000000784680000,0x00000007c0000000)
 ParOldGen       total 2468864K, used 1592258K [0x0000000540000000, 0x00000005d6b00000, 0x00000006eab00000)
  object space 2468864K, 64% used [0x0000000540000000,0x00000005a12f0a98,0x00000005d6b00000)
 Metaspace       used 68181K, capacity 68956K, committed 69248K, reserved 1110016K
  class space    used 9349K, capacity 9554K, committed 9600K, reserved 1048576K
Event: 186.003 GC heap after
Heap after GC invocations=36 (full 8):
 PSYoungGen      total 2141696K, used 976379K [0x00000006eab00000, 0x00000007c0000000, 0x00000007c0000000)
  eden space 1165312K, 0% used [0x00000006eab00000,0x00000006eab00000,0x0000000731d00000)
  from space 976384K, 99% used [0x0000000784680000,0x00000007bfffee50,0x00000007c0000000)
  to   space 1164800K, 0% used [0x0000000731d00000,0x0000000731d00000,0x0000000778e80000)
 ParOldGen       total 2795008K, used 2794914K [0x0000000540000000, 0x00000005ea980000, 0x00000006eab00000)
  object space 2795008K, 99% used [0x0000000540000000,0x00000005ea968ba0,0x00000005ea980000)
 Metaspace       used 68181K, capacity 68956K, committed 69248K, reserved 1110016K
  class space    used 9349K, capacity 9554K, committed 9600K, reserved 1048576K
}
Event: 186.003 GC heap before
{Heap before GC invocations=37 (full 9):
 PSYoungGen      total 2141696K, used 976379K [0x00000006eab00000, 0x00000007c0000000, 0x00000007c0000000)
  eden space 1165312K, 0% used [0x00000006eab00000,0x00000006eab00000,0x0000000731d00000)
  from space 976384K, 99% used [0x0000000784680000,0x00000007bfffee50,0x00000007c0000000)
  to   space 1164800K, 0% used [0x0000000731d00000,0x0000000731d00000,0x0000000778e80000)
 ParOldGen       total 2795008K, used 2794914K [0x0000000540000000, 0x00000005ea980000, 0x00000006eab00000)
  object space 2795008K, 99% used [0x0000000540000000,0x00000005ea968ba0,0x00000005ea980000)
 Metaspace       used 68181K, capacity 68956K, committed 69248K, reserved 1110016K
  class space    used 9349K, capacity 9554K, committed 9600K, reserved 1048576K

