# JRE version: Java(TM) SE Runtime Environment (8.0_121-b13) (build 1.8.0_121-b13)
# Java VM: Java HotSpot(TM) 64-Bit Server VM (25.121-b13 mixed mode linux-amd64 compressed oops)
Heap:
 PSYoungGen      total 1353216K, used 714055K [0x00000006c0000000, 0x0000000756880000, 0x00000007c0000000)
  eden space 722432K, 54% used [0x00000006c0000000,0x00000006d7f2c1a0,0x00000006ec180000)
  from space 630784K, 50% used [0x00000006ec180000,0x00000006ffba5e20,0x0000000712980000)
  to   space 627712K, 0% used [0x0000000730380000,0x0000000730380000,0x0000000756880000)
 ParOldGen       total 5502976K, used 5056659K [0x00000004c0000000, 0x000000060fe00000, 0x00000006c0000000)
  object space 5502976K, 91% used [0x00000004c0000000,0x00000005f4a24dd8,0x000000060fe00000)
 Metaspace       used 48086K, capacity 48702K, committed 48768K, reserved 1091584K
  class space    used 6879K, capacity 7040K, committed 7040K, reserved 1048576K
GC Heap History (10 events):
Event: 8.940 GC heap before
{Heap before GC invocations=7 (full 3):
 PSYoungGen      total 524800K, used 27629K [0x00000006c0000000, 0x00000006f8180000, 0x00000007c0000000)
  eden space 497152K, 0% used [0x00000006c0000000,0x00000006c0000000,0x00000006de580000)
  from space 27648K, 99% used [0x00000006e1000000,0x00000006e2afb6b0,0x00000006e2b00000)
  to   space 43520K, 0% used [0x00000006de580000,0x00000006de580000,0x00000006e1000000)
 ParOldGen       total 2154496K, used 2070566K [0x00000004c0000000, 0x0000000543800000, 0x00000006c0000000)
  object space 2154496K, 96% used [0x00000004c0000000,0x000000053e6099c8,0x0000000543800000)
 Metaspace       used 43696K, capacity 44050K, committed 44288K, reserved 1087488K
  class space    used 6182K, capacity 6296K, committed 6400K, reserved 1048576K
Event: 9.324 GC heap after
Heap after GC invocations=7 (full 3):
 PSYoungGen      total 524800K, used 0K [0x00000006c0000000, 0x00000006f8180000, 0x00000007c0000000)
  eden space 497152K, 0% used [0x00000006c0000000,0x00000006c0000000,0x00000006de580000)
  from space 27648K, 0% used [0x00000006e1000000,0x00000006e1000000,0x00000006e2b00000)
  to   space 43520K, 0% used [0x00000006de580000,0x00000006de580000,0x00000006e1000000)
 ParOldGen       total 3643904K, used 2074155K [0x00000004c0000000, 0x000000059e680000, 0x00000006c0000000)
  object space 3643904K, 56% used [0x00000004c0000000,0x000000053e98adc0,0x000000059e680000)
 Metaspace       used 43696K, capacity 44050K, committed 44288K, reserved 1087488K
  class space    used 6182K, capacity 6296K, committed 6400K, reserved 1048576K
}
Event: 9.847 GC heap before
{Heap before GC invocations=8 (full 3):
 PSYoungGen      total 524800K, used 497152K [0x00000006c0000000, 0x00000006f8180000, 0x00000007c0000000)
  eden space 497152K, 100% used [0x00000006c0000000,0x00000006de580000,0x00000006de580000)
  from space 27648K, 0% used [0x00000006e1000000,0x00000006e1000000,0x00000006e2b00000)
  to   space 43520K, 0% used [0x00000006de580000,0x00000006de580000,0x00000006e1000000)
 ParOldGen       total 3643904K, used 2074155K [0x00000004c0000000, 0x000000059e680000, 0x00000006c0000000)
  object space 3643904K, 56% used [0x00000004c0000000,0x000000053e98adc0,0x000000059e680000)
 Metaspace       used 43696K, capacity 44050K, committed 44288K, reserved 1087488K
  class space    used 6182K, capacity 6296K, committed 6400K, reserved 1048576K
Event: 9.989 GC heap after
Heap after GC invocations=8 (full 3):
 PSYoungGen      total 540672K, used 43399K [0x00000006c0000000, 0x0000000730b00000, 0x00000007c0000000)
  eden space 497152K, 0% used [0x00000006c0000000,0x00000006c0000000,0x00000006de580000)
  from space 43520K, 99% used [0x00000006de580000,0x00000006e0fe1ec0,0x00000006e1000000)
  to   space 493056K, 0% used [0x0000000712980000,0x0000000712980000,0x0000000730b00000)
 ParOldGen       total 3643904K, used 2524947K [0x00000004c0000000, 0x000000059e680000, 0x00000006c0000000)
  object space 3643904K, 69% used [0x00000004c0000000,0x000000055a1c4f00,0x000000059e680000)
 Metaspace       used 43696K, capacity 44050K, committed 44288K, reserved 1087488K
  class space    used 6182K, capacity 6296K, committed 6400K, reserved 1048576K
}
Event: 10.710 GC heap before
{Heap before GC invocations=9 (full 3):
 PSYoungGen      total 540672K, used 540551K [0x00000006c0000000, 0x0000000730b00000, 0x00000007c0000000)
  eden space 497152K, 100% used [0x00000006c0000000,0x00000006de580000,0x00000006de580000)
  from space 43520K, 99% used [0x00000006de580000,0x00000006e0fe1ec0,0x00000006e1000000)
  to   space 493056K, 0% used [0x0000000712980000,0x0000000712980000,0x0000000730b00000)
 ParOldGen       total 3643904K, used 2524947K [0x00000004c0000000, 0x000000059e680000, 0x00000006c0000000)
  object space 3643904K, 69% used [0x00000004c0000000,0x000000055a1c4f00,0x000000059e680000)
 Metaspace       used 45181K, capacity 45586K, committed 45824K, reserved 1089536K
  class space    used 6430K, capacity 6552K, committed 6656K, reserved 1048576K
Event: 10.910 GC heap after
Heap after GC invocations=9 (full 3):
 PSYoungGen      total 1215488K, used 493026K [0x00000006c0000000, 0x0000000742d80000, 0x00000007c0000000)
  eden space 722432K, 0% used [0x00000006c0000000,0x00000006c0000000,0x00000006ec180000)
  from space 493056K, 99% used [0x0000000712980000,0x0000000730af8a60,0x0000000730b00000)
  to   space 630784K, 0% used [0x00000006ec180000,0x00000006ec180000,0x0000000712980000)
 ParOldGen       total 3643904K, used 2528979K [0x00000004c0000000, 0x000000059e680000, 0x00000006c0000000)
  object space 3643904K, 69% used [0x00000004c0000000,0x000000055a5b4dc0,0x000000059e680000)
 Metaspace       used 45181K, capacity 45586K, committed 45824K, reserved 1089536K
  class space    used 6430K, capacity 6552K, committed 6656K, reserved 1048576K
}
Event: 12.771 GC heap before
{Heap before GC invocations=10 (full 4):
 PSYoungGen      total 1215488K, used 1215458K [0x00000006c0000000, 0x0000000742d80000, 0x00000007c0000000)
  eden space 722432K, 100% used [0x00000006c0000000,0x00000006ec180000,0x00000006ec180000)
  from space 493056K, 99% used [0x0000000712980000,0x0000000730af8a60,0x0000000730b00000)
  to   space 630784K, 0% used [0x00000006ec180000,0x00000006ec180000,0x0000000712980000)
 ParOldGen       total 3643904K, used 3470857K [0x00000004c0000000, 0x000000059e680000, 0x00000006c0000000)
  object space 3643904K, 95% used [0x00000004c0000000,0x0000000593d82660,0x000000059e680000)
 Metaspace       used 45342K, capacity 45746K, committed 45824K, reserved 1089536K
  class space    used 6452K, capacity 6584K, committed 6656K, reserved 1048576K
Event: 13.522 GC heap after
Heap after GC invocations=10 (full 4):
 PSYoungGen      total 1215488K, used 90982K [0x00000006c0000000, 0x0000000742d80000, 0x00000007c0000000)
  eden space 722432K, 0% used [0x00000006c0000000,0x00000006c0000000,0x00000006ec180000)
  from space 493056K, 18% used [0x0000000712980000,0x0000000718259840,0x0000000730b00000)
  to   space 630784K, 0% used [0x00000006ec180000,0x00000006ec180000,0x0000000712980000)
 ParOldGen       total 5502976K, used 3643842K [0x00000004c0000000, 0x000000060fe00000, 0x00000006c0000000)
  object space 5502976K, 66% used [0x00000004c0000000,0x000000059e6708e8,0x000000060fe00000)
 Metaspace       used 45342K, capacity 45746K, committed 45824K, reserved 1089536K
  class space    used 6452K, capacity 6584K, committed 6656K, reserved 1048576K
}
Event: 17.004 GC heap before
{Heap before GC invocations=11 (full 4):
 PSYoungGen      total 1215488K, used 813414K [0x00000006c0000000, 0x0000000742d80000, 0x00000007c0000000)
  eden space 722432K, 100% used [0x00000006c0000000,0x00000006ec180000,0x00000006ec180000)
  from space 493056K, 18% used [0x0000000712980000,0x0000000718259840,0x0000000730b00000)
  to   space 630784K, 0% used [0x00000006ec180000,0x00000006ec180000,0x0000000712980000)
 ParOldGen       total 5502976K, used 4114781K [0x00000004c0000000, 0x000000060fe00000, 0x00000006c0000000)
  object space 5502976K, 74% used [0x00000004c0000000,0x00000005bb257538,0x000000060fe00000)
 Metaspace       used 45567K, capacity 46002K, committed 46080K, reserved 1089536K
  class space    used 6500K, capacity 6648K, committed 6656K, reserved 1048576K
Event: 18.658 GC heap after
Heap after GC invocations=11 (full 4):
 PSYoungGen      total 1353216K, used 321687K [0x00000006c0000000, 0x0000000756880000, 0x00000007c0000000)
  eden space 722432K, 0% used [0x00000006c0000000,0x00000006c0000000,0x00000006ec180000)
  from space 630784K, 50% used [0x00000006ec180000,0x00000006ffba5e20,0x0000000712980000)
  to   space 627712K, 0% used [0x0000000730380000,0x0000000730380000,0x0000000756880000)
 ParOldGen       total 5502976K, used 4114781K [0x00000004c0000000, 0x000000060fe00000, 0x00000006c0000000)
  object space 5502976K, 74% used [0x00000004c0000000,0x00000005bb257538,0x000000060fe00000)
 Metaspace       used 45567K, capacity 46002K, committed 46080K, reserved 1089536K
  class space    used 6500K, capacity 6648K, committed 6656K, reserved 1048576K
}

