# JRE version: Java(TM) SE Runtime Environment (8.0_121-b13) (build 1.8.0_121-b13)
# Java VM: Java HotSpot(TM) 64-Bit Server VM (25.121-b13 mixed mode linux-amd64 compressed oops)
Heap:
 PSYoungGen      total 1289728K, used 803675K [0x00000006c0000000, 0x000000074f600000, 0x00000007c0000000)
  eden space 707584K, 72% used [0x00000006c0000000,0x00000006df5f3378,0x00000006eb300000)
  from space 582144K, 49% used [0x00000006eb300000,0x00000006fcde3a40,0x000000070eb80000)
  to   space 575488K, 0% used [0x000000072c400000,0x000000072c400000,0x000000074f600000)
 ParOldGen       total 5453312K, used 4983602K [0x00000004c0000000, 0x000000060cd80000, 0x00000006c0000000)
  object space 5453312K, 91% used [0x00000004c0000000,0x00000005f02cc990,0x000000060cd80000)
 Metaspace       used 48069K, capacity 48698K, committed 48768K, reserved 1091584K
  class space    used 6879K, capacity 7040K, committed 7040K, reserved 1048576K
GC Heap History (10 events):
Event: 16.569 GC heap before
{Heap before GC invocations=7 (full 3):
 PSYoungGen      total 524800K, used 28152K [0x00000006c0000000, 0x00000006eeb80000, 0x00000007c0000000)
  eden space 496640K, 0% used [0x00000006c0000000,0x00000006c0000000,0x00000006de500000)
  from space 28160K, 99% used [0x00000006e0f80000,0x00000006e2afe2e0,0x00000006e2b00000)
  to   space 43520K, 0% used [0x00000006de500000,0x00000006de500000,0x00000006e0f80000)
 ParOldGen       total 2234880K, used 1973153K [0x00000004c0000000, 0x0000000548680000, 0x00000006c0000000)
  object space 2234880K, 88% used [0x00000004c0000000,0x00000005386e8408,0x0000000548680000)
 Metaspace       used 43924K, capacity 44302K, committed 44544K, reserved 1087488K
  class space    used 6231K, capacity 6360K, committed 6400K, reserved 1048576K
Event: 17.029 GC heap after
Heap after GC invocations=7 (full 3):
 PSYoungGen      total 524800K, used 0K [0x00000006c0000000, 0x00000006eeb80000, 0x00000007c0000000)
  eden space 496640K, 0% used [0x00000006c0000000,0x00000006c0000000,0x00000006de500000)
  from space 28160K, 0% used [0x00000006e0f80000,0x00000006e0f80000,0x00000006e2b00000)
  to   space 43520K, 0% used [0x00000006de500000,0x00000006de500000,0x00000006e0f80000)
 ParOldGen       total 3571200K, used 1977274K [0x00000004c0000000, 0x0000000599f80000, 0x00000006c0000000)
  object space 3571200K, 55% used [0x00000004c0000000,0x0000000538aeea18,0x0000000599f80000)
 Metaspace       used 43924K, capacity 44302K, committed 44544K, reserved 1087488K
  class space    used 6231K, capacity 6360K, committed 6400K, reserved 1048576K
}
Event: 17.554 GC heap before
{Heap before GC invocations=8 (full 3):
 PSYoungGen      total 524800K, used 496640K [0x00000006c0000000, 0x00000006eeb80000, 0x00000007c0000000)
  eden space 496640K, 100% used [0x00000006c0000000,0x00000006de500000,0x00000006de500000)
  from space 28160K, 0% used [0x00000006e0f80000,0x00000006e0f80000,0x00000006e2b00000)
  to   space 43520K, 0% used [0x00000006de500000,0x00000006de500000,0x00000006e0f80000)
 ParOldGen       total 3571200K, used 1977274K [0x00000004c0000000, 0x0000000599f80000, 0x00000006c0000000)
  object space 3571200K, 55% used [0x00000004c0000000,0x0000000538aeea18,0x0000000599f80000)
 Metaspace       used 43924K, capacity 44302K, committed 44544K, reserved 1087488K
  class space    used 6231K, capacity 6360K, committed 6400K, reserved 1048576K
Event: 17.719 GC heap after
Heap after GC invocations=8 (full 3):
 PSYoungGen      total 540160K, used 43399K [0x00000006c0000000, 0x0000000728980000, 0x00000007c0000000)
  eden space 496640K, 0% used [0x00000006c0000000,0x00000006c0000000,0x00000006de500000)
  from space 43520K, 99% used [0x00000006de500000,0x00000006e0f61ec0,0x00000006e0f80000)
  to   space 423936K, 0% used [0x000000070eb80000,0x000000070eb80000,0x0000000728980000)
 ParOldGen       total 3571200K, used 2428066K [0x00000004c0000000, 0x0000000599f80000, 0x00000006c0000000)
  object space 3571200K, 67% used [0x00000004c0000000,0x0000000554328b58,0x0000000599f80000)
 Metaspace       used 43924K, capacity 44302K, committed 44544K, reserved 1087488K
  class space    used 6231K, capacity 6360K, committed 6400K, reserved 1048576K
}
Event: 18.409 GC heap before
{Heap before GC invocations=9 (full 3):
 PSYoungGen      total 540160K, used 540039K [0x00000006c0000000, 0x0000000728980000, 0x00000007c0000000)
  eden space 496640K, 100% used [0x00000006c0000000,0x00000006de500000,0x00000006de500000)
  from space 43520K, 99% used [0x00000006de500000,0x00000006e0f61ec0,0x00000006e0f80000)
  to   space 423936K, 0% used [0x000000070eb80000,0x000000070eb80000,0x0000000728980000)
 ParOldGen       total 3571200K, used 2428066K [0x00000004c0000000, 0x0000000599f80000, 0x00000006c0000000)
  object space 3571200K, 67% used [0x00000004c0000000,0x0000000554328b58,0x0000000599f80000)
 Metaspace       used 45411K, capacity 45838K, committed 46080K, reserved 1089536K
  class space    used 6479K, capacity 6616K, committed 6656K, reserved 1048576K
Event: 18.732 GC heap after
Heap after GC invocations=9 (full 3):
 PSYoungGen      total 1131520K, used 423909K [0x00000006c0000000, 0x000000073e480000, 0x00000007c0000000)
  eden space 707584K, 0% used [0x00000006c0000000,0x00000006c0000000,0x00000006eb300000)
  from space 423936K, 99% used [0x000000070eb80000,0x00000007289795c0,0x0000000728980000)
  to   space 582144K, 0% used [0x00000006eb300000,0x00000006eb300000,0x000000070eb80000)
 ParOldGen       total 3571200K, used 2503943K [0x00000004c0000000, 0x0000000599f80000, 0x00000006c0000000)
  object space 3571200K, 70% used [0x00000004c0000000,0x0000000558d41d28,0x0000000599f80000)
 Metaspace       used 45411K, capacity 45838K, committed 46080K, reserved 1089536K
  class space    used 6479K, capacity 6616K, committed 6656K, reserved 1048576K
}
Event: 20.628 GC heap before
{Heap before GC invocations=10 (full 4):
 PSYoungGen      total 1131520K, used 1131493K [0x00000006c0000000, 0x000000073e480000, 0x00000007c0000000)
  eden space 707584K, 100% used [0x00000006c0000000,0x00000006eb300000,0x00000006eb300000)
  from space 423936K, 99% used [0x000000070eb80000,0x00000007289795c0,0x0000000728980000)
  to   space 582144K, 0% used [0x00000006eb300000,0x00000006eb300000,0x000000070eb80000)
 ParOldGen       total 3571200K, used 3445821K [0x00000004c0000000, 0x0000000599f80000, 0x00000006c0000000)
  object space 3571200K, 96% used [0x00000004c0000000,0x000000059250f5c8,0x0000000599f80000)
 Metaspace       used 45573K, capacity 45998K, committed 46080K, reserved 1089536K
  class space    used 6500K, capacity 6648K, committed 6656K, reserved 1048576K
Event: 21.338 GC heap after
Heap after GC invocations=10 (full 4):
 PSYoungGen      total 1131520K, used 55721K [0x00000006c0000000, 0x000000073e480000, 0x00000007c0000000)
  eden space 707584K, 0% used [0x00000006c0000000,0x00000006c0000000,0x00000006eb300000)
  from space 423936K, 13% used [0x000000070eb80000,0x00000007121ea6c0,0x0000000728980000)
  to   space 582144K, 0% used [0x00000006eb300000,0x00000006eb300000,0x000000070eb80000)
 ParOldGen       total 5453312K, used 3570785K [0x00000004c0000000, 0x000000060cd80000, 0x00000006c0000000)
  object space 5453312K, 65% used [0x00000004c0000000,0x0000000599f184a0,0x000000060cd80000)
 Metaspace       used 45573K, capacity 45998K, committed 46080K, reserved 1089536K
  class space    used 6500K, capacity 6648K, committed 6656K, reserved 1048576K
}
Event: 22.699 GC heap before
{Heap before GC invocations=11 (full 4):
 PSYoungGen      total 1131520K, used 763305K [0x00000006c0000000, 0x000000073e480000, 0x00000007c0000000)
  eden space 707584K, 100% used [0x00000006c0000000,0x00000006eb300000,0x00000006eb300000)
  from space 423936K, 13% used [0x000000070eb80000,0x00000007121ea6c0,0x0000000728980000)
  to   space 582144K, 0% used [0x00000006eb300000,0x00000006eb300000,0x000000070eb80000)
 ParOldGen       total 5453312K, used 4041724K [0x00000004c0000000, 0x000000060cd80000, 0x00000006c0000000)
  object space 5453312K, 74% used [0x00000004c0000000,0x00000005b6aff0f0,0x000000060cd80000)
 Metaspace       used 45573K, capacity 45998K, committed 46080K, reserved 1089536K
  class space    used 6500K, capacity 6648K, committed 6656K, reserved 1048576K
Event: 23.342 GC heap after
Heap after GC invocations=11 (full 4):
 PSYoungGen      total 1289728K, used 289678K [0x00000006c0000000, 0x000000074f600000, 0x00000007c0000000)
  eden space 707584K, 0% used [0x00000006c0000000,0x00000006c0000000,0x00000006eb300000)
  from space 582144K, 49% used [0x00000006eb300000,0x00000006fcde3a40,0x000000070eb80000)
  to   space 575488K, 0% used [0x000000072c400000,0x000000072c400000,0x000000074f600000)
 ParOldGen       total 5453312K, used 4041724K [0x00000004c0000000, 0x000000060cd80000, 0x00000006c0000000)
  object space 5453312K, 74% used [0x00000004c0000000,0x00000005b6aff0f0,0x000000060cd80000)
 Metaspace       used 45573K, capacity 45998K, committed 46080K, reserved 1089536K
  class space    used 6500K, capacity 6648K, committed 6656K, reserved 1048576K
}

