# JRE version: Java(TM) SE Runtime Environment (8.0_121-b13) (build 1.8.0_121-b13)
# Java VM: Java HotSpot(TM) 64-Bit Server VM (25.121-b13 mixed mode linux-amd64 compressed oops)
Heap:
 PSYoungGen      total 1382400K, used 755058K [0x00000006c0000000, 0x0000000760100000, 0x00000007c0000000)
  eden space 739328K, 48% used [0x00000006c0000000,0x00000006d5b47428,0x00000006ed200000)
  from space 643072K, 62% used [0x00000006ed200000,0x0000000705815720,0x0000000714600000)
  to   space 675840K, 0% used [0x0000000736d00000,0x0000000736d00000,0x0000000760100000)
 ParOldGen       total 5403136K, used 5029446K [0x00000004c0000000, 0x0000000609c80000, 0x00000006c0000000)
  object space 5403136K, 93% used [0x00000004c0000000,0x00000005f2f91820,0x0000000609c80000)
 Metaspace       used 49307K, capacity 49918K, committed 50048K, reserved 1091584K
  class space    used 7079K, capacity 7232K, committed 7296K, reserved 1048576K
GC Heap History (10 events):
Event: 8.827 GC heap before
{Heap before GC invocations=7 (full 3):
 PSYoungGen      total 538112K, used 40928K [0x00000006c0000000, 0x00000006fcc00000, 0x00000007c0000000)
  eden space 497152K, 0% used [0x00000006c0000000,0x00000006c0000000,0x00000006de580000)
  from space 40960K, 99% used [0x00000006e1000000,0x00000006e37f8110,0x00000006e3800000)
  to   space 43520K, 0% used [0x00000006de580000,0x00000006de580000,0x00000006e1000000)
 ParOldGen       total 2130432K, used 2072468K [0x00000004c0000000, 0x0000000542080000, 0x00000006c0000000)
  object space 2130432K, 97% used [0x00000004c0000000,0x000000053e7e5198,0x0000000542080000)
 Metaspace       used 43690K, capacity 44050K, committed 44288K, reserved 1087488K
  class space    used 6181K, capacity 6296K, committed 6400K, reserved 1048576K
Event: 9.299 GC heap after
Heap after GC invocations=7 (full 3):
 PSYoungGen      total 538112K, used 0K [0x00000006c0000000, 0x00000006fcc00000, 0x00000007c0000000)
  eden space 497152K, 0% used [0x00000006c0000000,0x00000006c0000000,0x00000006de580000)
  from space 40960K, 0% used [0x00000006e1000000,0x00000006e1000000,0x00000006e3800000)
  to   space 43520K, 0% used [0x00000006de580000,0x00000006de580000,0x00000006e1000000)
 ParOldGen       total 3616768K, used 2089339K [0x00000004c0000000, 0x000000059cc00000, 0x00000006c0000000)
  object space 3616768K, 57% used [0x00000004c0000000,0x000000053f85efe8,0x000000059cc00000)
 Metaspace       used 43690K, capacity 44050K, committed 44288K, reserved 1087488K
  class space    used 6181K, capacity 6296K, committed 6400K, reserved 1048576K
}
Event: 9.871 GC heap before
{Heap before GC invocations=8 (full 3):
 PSYoungGen      total 538112K, used 497152K [0x00000006c0000000, 0x00000006fcc00000, 0x00000007c0000000)
  eden space 497152K, 100% used [0x00000006c0000000,0x00000006de580000,0x00000006de580000)
  from space 40960K, 0% used [0x00000006e1000000,0x00000006e1000000,0x00000006e3800000)
  to   space 43520K, 0% used [0x00000006de580000,0x00000006de580000,0x00000006e1000000)
 ParOldGen       total 3616768K, used 2089339K [0x00000004c0000000, 0x000000059cc00000, 0x00000006c0000000)
  object space 3616768K, 57% used [0x00000004c0000000,0x000000053f85efe8,0x000000059cc00000)
 Metaspace       used 43690K, capacity 44050K, committed 44288K, reserved 1087488K
  class space    used 6181K, capacity 6296K, committed 6400K, reserved 1048576K
Event: 10.052 GC heap after
Heap after GC invocations=8 (full 3):
 PSYoungGen      total 540672K, used 43399K [0x00000006c0000000, 0x0000000733380000, 0x00000007c0000000)
  eden space 497152K, 0% used [0x00000006c0000000,0x00000006c0000000,0x00000006de580000)
  from space 43520K, 99% used [0x00000006de580000,0x00000006e0fe1ec0,0x00000006e1000000)
  to   space 505344K, 0% used [0x0000000714600000,0x0000000714600000,0x0000000733380000)
 ParOldGen       total 3616768K, used 2540389K [0x00000004c0000000, 0x000000059cc00000, 0x00000006c0000000)
  object space 3616768K, 70% used [0x00000004c0000000,0x000000055b0d96a8,0x000000059cc00000)
 Metaspace       used 43690K, capacity 44050K, committed 44288K, reserved 1087488K
  class space    used 6181K, capacity 6296K, committed 6400K, reserved 1048576K
}
Event: 10.858 GC heap before
{Heap before GC invocations=9 (full 3):
 PSYoungGen      total 540672K, used 540551K [0x00000006c0000000, 0x0000000733380000, 0x00000007c0000000)
  eden space 497152K, 100% used [0x00000006c0000000,0x00000006de580000,0x00000006de580000)
  from space 43520K, 99% used [0x00000006de580000,0x00000006e0fe1ec0,0x00000006e1000000)
  to   space 505344K, 0% used [0x0000000714600000,0x0000000714600000,0x0000000733380000)
 ParOldGen       total 3616768K, used 2540389K [0x00000004c0000000, 0x000000059cc00000, 0x00000006c0000000)
  object space 3616768K, 70% used [0x00000004c0000000,0x000000055b0d96a8,0x000000059cc00000)
 Metaspace       used 45178K, capacity 45586K, committed 45824K, reserved 1089536K
  class space    used 6430K, capacity 6552K, committed 6656K, reserved 1048576K
Event: 11.128 GC heap after
Heap after GC invocations=9 (full 3):
 PSYoungGen      total 1244672K, used 501595K [0x00000006c0000000, 0x0000000745380000, 0x00000007c0000000)
  eden space 739328K, 0% used [0x00000006c0000000,0x00000006c0000000,0x00000006ed200000)
  from space 505344K, 99% used [0x0000000714600000,0x0000000732fd6d88,0x0000000733380000)
  to   space 643072K, 0% used [0x00000006ed200000,0x00000006ed200000,0x0000000714600000)
 ParOldGen       total 3616768K, used 2540389K [0x00000004c0000000, 0x000000059cc00000, 0x00000006c0000000)
  object space 3616768K, 70% used [0x00000004c0000000,0x000000055b0d96a8,0x000000059cc00000)
 Metaspace       used 45178K, capacity 45586K, committed 45824K, reserved 1089536K
  class space    used 6430K, capacity 6552K, committed 6656K, reserved 1048576K
}
Event: 13.163 GC heap before
{Heap before GC invocations=10 (full 4):
 PSYoungGen      total 1244672K, used 1240923K [0x00000006c0000000, 0x0000000745380000, 0x00000007c0000000)
  eden space 739328K, 100% used [0x00000006c0000000,0x00000006ed200000,0x00000006ed200000)
  from space 505344K, 99% used [0x0000000714600000,0x0000000732fd6d88,0x0000000733380000)
  to   space 643072K, 0% used [0x00000006ed200000,0x00000006ed200000,0x0000000714600000)
 ParOldGen       total 3616768K, used 3482267K [0x00000004c0000000, 0x000000059cc00000, 0x00000006c0000000)
  object space 3616768K, 96% used [0x00000004c0000000,0x00000005948a6f48,0x000000059cc00000)
 Metaspace       used 46589K, capacity 47026K, committed 47232K, reserved 1089536K
  class space    used 6651K, capacity 6776K, committed 6784K, reserved 1048576K
Event: 13.935 GC heap after
Heap after GC invocations=10 (full 4):
 PSYoungGen      total 1244672K, used 133835K [0x00000006c0000000, 0x0000000745380000, 0x00000007c0000000)
  eden space 739328K, 0% used [0x00000006c0000000,0x00000006c0000000,0x00000006ed200000)
  from space 505344K, 26% used [0x0000000714600000,0x000000071c8b2c00,0x0000000733380000)
  to   space 643072K, 0% used [0x00000006ed200000,0x00000006ed200000,0x0000000714600000)
 ParOldGen       total 5403136K, used 3616628K [0x00000004c0000000, 0x0000000609c80000, 0x00000006c0000000)
  object space 5403136K, 66% used [0x00000004c0000000,0x000000059cbdd330,0x0000000609c80000)
 Metaspace       used 46589K, capacity 47026K, committed 47232K, reserved 1089536K
  class space    used 6651K, capacity 6776K, committed 6784K, reserved 1048576K
}
Event: 16.295 GC heap before
{Heap before GC invocations=11 (full 4):
 PSYoungGen      total 1244672K, used 873163K [0x00000006c0000000, 0x0000000745380000, 0x00000007c0000000)
  eden space 739328K, 100% used [0x00000006c0000000,0x00000006ed200000,0x00000006ed200000)
  from space 505344K, 26% used [0x0000000714600000,0x000000071c8b2c00,0x0000000733380000)
  to   space 643072K, 0% used [0x00000006ed200000,0x00000006ed200000,0x0000000714600000)
 ParOldGen       total 5403136K, used 4087567K [0x00000004c0000000, 0x0000000609c80000, 0x00000006c0000000)
  object space 5403136K, 75% used [0x00000004c0000000,0x00000005b97c3f80,0x0000000609c80000)
 Metaspace       used 46590K, capacity 47026K, committed 47232K, reserved 1089536K
  class space    used 6651K, capacity 6776K, committed 6784K, reserved 1048576K
Event: 18.142 GC heap after
Heap after GC invocations=11 (full 4):
 PSYoungGen      total 1382400K, used 399445K [0x00000006c0000000, 0x0000000760100000, 0x00000007c0000000)
  eden space 739328K, 0% used [0x00000006c0000000,0x00000006c0000000,0x00000006ed200000)
  from space 643072K, 62% used [0x00000006ed200000,0x0000000705815720,0x0000000714600000)
  to   space 675840K, 0% used [0x0000000736d00000,0x0000000736d00000,0x0000000760100000)
 ParOldGen       total 5403136K, used 4087567K [0x00000004c0000000, 0x0000000609c80000, 0x00000006c0000000)
  object space 5403136K, 75% used [0x00000004c0000000,0x00000005b97c3f80,0x0000000609c80000)
 Metaspace       used 46590K, capacity 47026K, committed 47232K, reserved 1089536K
  class space    used 6651K, capacity 6776K, committed 6784K, reserved 1048576K
}

