# JRE version: Java(TM) SE Runtime Environment (8.0_121-b13) (build 1.8.0_121-b13)
# Java VM: Java HotSpot(TM) 64-Bit Server VM (25.121-b13 mixed mode linux-amd64 compressed oops)
Heap:
 PSYoungGen      total 1331200K, used 716159K [0x00000006c0000000, 0x000000075db00000, 0x00000007c0000000)
  eden space 726016K, 53% used [0x00000006c0000000,0x00000006d7d6bd30,0x00000006ec500000)
  from space 605184K, 53% used [0x00000006ec500000,0x00000007002f4180,0x0000000711400000)
  to   space 608256K, 0% used [0x0000000738900000,0x0000000738900000,0x000000075db00000)
 ParOldGen       total 5369856K, used 5056074K [0x00000004c0000000, 0x0000000607c00000, 0x00000006c0000000)
  object space 5369856K, 94% used [0x00000004c0000000,0x00000005f4992bd0,0x0000000607c00000)
 Metaspace       used 48025K, capacity 48574K, committed 48768K, reserved 1091584K
  class space    used 6880K, capacity 7040K, committed 7040K, reserved 1048576K
GC Heap History (10 events):
Event: 9.364 GC heap before
{Heap before GC invocations=7 (full 3):
 PSYoungGen      total 524800K, used 27628K [0x00000006c0000000, 0x00000006f8d80000, 0x00000007c0000000)
  eden space 497152K, 0% used [0x00000006c0000000,0x00000006c0000000,0x00000006de580000)
  from space 27648K, 99% used [0x00000006e1000000,0x00000006e2afb3f0,0x00000006e2b00000)
  to   space 43520K, 0% used [0x00000006de580000,0x00000006de580000,0x00000006e1000000)
 ParOldGen       total 2157568K, used 2074809K [0x00000004c0000000, 0x0000000543b00000, 0x00000006c0000000)
  object space 2157568K, 96% used [0x00000004c0000000,0x000000053ea2e5b0,0x0000000543b00000)
 Metaspace       used 43697K, capacity 44114K, committed 44288K, reserved 1087488K
  class space    used 6182K, capacity 6296K, committed 6400K, reserved 1048576K
Event: 9.782 GC heap after
Heap after GC invocations=7 (full 3):
 PSYoungGen      total 524800K, used 0K [0x00000006c0000000, 0x00000006f8d80000, 0x00000007c0000000)
  eden space 497152K, 0% used [0x00000006c0000000,0x00000006c0000000,0x00000006de580000)
  from space 27648K, 0% used [0x00000006e1000000,0x00000006e1000000,0x00000006e2b00000)
  to   space 43520K, 0% used [0x00000006de580000,0x00000006de580000,0x00000006e1000000)
 ParOldGen       total 3643392K, used 2078398K [0x00000004c0000000, 0x000000059e600000, 0x00000006c0000000)
  object space 3643392K, 57% used [0x00000004c0000000,0x000000053edafa28,0x000000059e600000)
 Metaspace       used 43697K, capacity 44114K, committed 44288K, reserved 1087488K
  class space    used 6182K, capacity 6296K, committed 6400K, reserved 1048576K
}
Event: 10.403 GC heap before
{Heap before GC invocations=8 (full 3):
 PSYoungGen      total 524800K, used 497152K [0x00000006c0000000, 0x00000006f8d80000, 0x00000007c0000000)
  eden space 497152K, 100% used [0x00000006c0000000,0x00000006de580000,0x00000006de580000)
  from space 27648K, 0% used [0x00000006e1000000,0x00000006e1000000,0x00000006e2b00000)
  to   space 43520K, 0% used [0x00000006de580000,0x00000006de580000,0x00000006e1000000)
 ParOldGen       total 3643392K, used 2078398K [0x00000004c0000000, 0x000000059e600000, 0x00000006c0000000)
  object space 3643392K, 57% used [0x00000004c0000000,0x000000053edafa28,0x000000059e600000)
 Metaspace       used 43697K, capacity 44114K, committed 44288K, reserved 1087488K
  class space    used 6182K, capacity 6296K, committed 6400K, reserved 1048576K
Event: 10.598 GC heap after
Heap after GC invocations=8 (full 3):
 PSYoungGen      total 540672K, used 43496K [0x00000006c0000000, 0x000000072d300000, 0x00000007c0000000)
  eden space 497152K, 0% used [0x00000006c0000000,0x00000006c0000000,0x00000006de580000)
  from space 43520K, 99% used [0x00000006de580000,0x00000006e0ffa180,0x00000006e1000000)
  to   space 457728K, 0% used [0x0000000711400000,0x0000000711400000,0x000000072d300000)
 ParOldGen       total 3643392K, used 2530485K [0x00000004c0000000, 0x000000059e600000, 0x00000006c0000000)
  object space 3643392K, 69% used [0x00000004c0000000,0x000000055a72d6e8,0x000000059e600000)
 Metaspace       used 43697K, capacity 44114K, committed 44288K, reserved 1087488K
  class space    used 6182K, capacity 6296K, committed 6400K, reserved 1048576K
}
Event: 11.556 GC heap before
{Heap before GC invocations=9 (full 3):
 PSYoungGen      total 540672K, used 540648K [0x00000006c0000000, 0x000000072d300000, 0x00000007c0000000)
  eden space 497152K, 100% used [0x00000006c0000000,0x00000006de580000,0x00000006de580000)
  from space 43520K, 99% used [0x00000006de580000,0x00000006e0ffa180,0x00000006e1000000)
  to   space 457728K, 0% used [0x0000000711400000,0x0000000711400000,0x000000072d300000)
 ParOldGen       total 3643392K, used 2530485K [0x00000004c0000000, 0x000000059e600000, 0x00000006c0000000)
  object space 3643392K, 69% used [0x00000004c0000000,0x000000055a72d6e8,0x000000059e600000)
 Metaspace       used 45181K, capacity 45618K, committed 45824K, reserved 1089536K
  class space    used 6431K, capacity 6584K, committed 6656K, reserved 1048576K
Event: 19.907 GC heap after
Heap after GC invocations=9 (full 3):
 PSYoungGen      total 1183744K, used 457720K [0x00000006c0000000, 0x0000000743580000, 0x00000007c0000000)
  eden space 726016K, 0% used [0x00000006c0000000,0x00000006c0000000,0x00000006ec500000)
  from space 457728K, 99% used [0x0000000711400000,0x000000072d2fe210,0x000000072d300000)
  to   space 605184K, 0% used [0x00000006ec500000,0x00000006ec500000,0x0000000711400000)
 ParOldGen       total 3643392K, used 2573262K [0x00000004c0000000, 0x000000059e600000, 0x00000006c0000000)
  object space 3643392K, 70% used [0x00000004c0000000,0x000000055d0f39e8,0x000000059e600000)
 Metaspace       used 45181K, capacity 45618K, committed 45824K, reserved 1089536K
  class space    used 6431K, capacity 6584K, committed 6656K, reserved 1048576K
}
Event: 22.126 GC heap before
{Heap before GC invocations=10 (full 4):
 PSYoungGen      total 1183744K, used 1183736K [0x00000006c0000000, 0x0000000743580000, 0x00000007c0000000)
  eden space 726016K, 100% used [0x00000006c0000000,0x00000006ec500000,0x00000006ec500000)
  from space 457728K, 99% used [0x0000000711400000,0x000000072d2fe210,0x000000072d300000)
  to   space 605184K, 0% used [0x00000006ec500000,0x00000006ec500000,0x0000000711400000)
 ParOldGen       total 3643392K, used 3515140K [0x00000004c0000000, 0x000000059e600000, 0x00000006c0000000)
  object space 3643392K, 96% used [0x00000004c0000000,0x00000005968c1288,0x000000059e600000)
 Metaspace       used 45565K, capacity 46002K, committed 46080K, reserved 1089536K
  class space    used 6502K, capacity 6648K, committed 6656K, reserved 1048576K
Event: 22.965 GC heap after
Heap after GC invocations=10 (full 4):
 PSYoungGen      total 1183744K, used 83408K [0x00000006c0000000, 0x0000000743580000, 0x00000007c0000000)
  eden space 726016K, 0% used [0x00000006c0000000,0x00000006c0000000,0x00000006ec500000)
  from space 457728K, 18% used [0x0000000711400000,0x0000000716574250,0x000000072d300000)
  to   space 605184K, 0% used [0x00000006ec500000,0x00000006ec500000,0x0000000711400000)
 ParOldGen       total 5369856K, used 3643257K [0x00000004c0000000, 0x0000000607c00000, 0x00000006c0000000)
  object space 5369856K, 67% used [0x00000004c0000000,0x000000059e5de6e0,0x0000000607c00000)
 Metaspace       used 45565K, capacity 46002K, committed 46080K, reserved 1089536K
  class space    used 6502K, capacity 6648K, committed 6656K, reserved 1048576K
}
Event: 24.597 GC heap before
{Heap before GC invocations=11 (full 4):
 PSYoungGen      total 1183744K, used 809424K [0x00000006c0000000, 0x0000000743580000, 0x00000007c0000000)
  eden space 726016K, 100% used [0x00000006c0000000,0x00000006ec500000,0x00000006ec500000)
  from space 457728K, 18% used [0x0000000711400000,0x0000000716574250,0x000000072d300000)
  to   space 605184K, 0% used [0x00000006ec500000,0x00000006ec500000,0x0000000711400000)
 ParOldGen       total 5369856K, used 4114196K [0x00000004c0000000, 0x0000000607c00000, 0x00000006c0000000)
  object space 5369856K, 76% used [0x00000004c0000000,0x00000005bb1c5330,0x0000000607c00000)
 Metaspace       used 45570K, capacity 46002K, committed 46080K, reserved 1089536K
  class space    used 6502K, capacity 6648K, committed 6656K, reserved 1048576K
Event: 27.528 GC heap after
Heap after GC invocations=11 (full 4):
 PSYoungGen      total 1331200K, used 325584K [0x00000006c0000000, 0x000000075db00000, 0x00000007c0000000)
  eden space 726016K, 0% used [0x00000006c0000000,0x00000006c0000000,0x00000006ec500000)
  from space 605184K, 53% used [0x00000006ec500000,0x00000007002f4180,0x0000000711400000)
  to   space 608256K, 0% used [0x0000000738900000,0x0000000738900000,0x000000075db00000)
 ParOldGen       total 5369856K, used 4114196K [0x00000004c0000000, 0x0000000607c00000, 0x00000006c0000000)
  object space 5369856K, 76% used [0x00000004c0000000,0x00000005bb1c5330,0x0000000607c00000)
 Metaspace       used 45570K, capacity 46002K, committed 46080K, reserved 1089536K
  class space    used 6502K, capacity 6648K, committed 6656K, reserved 1048576K
}

