# JRE version: Java(TM) SE Runtime Environment (8.0_121-b13) (build 1.8.0_121-b13)
# Java VM: Java HotSpot(TM) 64-Bit Server VM (25.121-b13 mixed mode linux-amd64 compressed oops)
Heap:
 PSYoungGen      total 1690624K, used 709111K [0x00000006c0000000, 0x000000075a100000, 0x00000007c0000000)
  eden space 981504K, 0% used [0x00000006c0000000,0x00000006c0000000,0x00000006fbe80000)
  from space 709120K, 99% used [0x00000006fbe80000,0x00000007272fdeb0,0x0000000727300000)
  to   space 585216K, 0% used [0x0000000727300000,0x0000000727300000,0x000000074ae80000)
 ParOldGen       total 5612544K, used 4985359K [0x00000004c0000000, 0x0000000616900000, 0x00000006c0000000)
  object space 5612544K, 88% used [0x00000004c0000000,0x00000005f0483f60,0x0000000616900000)
 Metaspace       used 45611K, capacity 46002K, committed 46080K, reserved 1089536K
  class space    used 6501K, capacity 6648K, committed 6656K, reserved 1048576K
GC Heap History (10 events):
Event: 17.740 GC heap after
Heap after GC invocations=9 (full 3):
 PSYoungGen      total 772608K, used 145401K [0x00000006c0000000, 0x0000000724880000, 0x00000007c0000000)
  eden space 627200K, 0% used [0x00000006c0000000,0x00000006c0000000,0x00000006e6480000)
  from space 145408K, 99% used [0x00000006fd900000,0x00000007066fe6e0,0x0000000706700000)
  to   space 381440K, 0% used [0x00000006e6480000,0x00000006e6480000,0x00000006fd900000)
 ParOldGen       total 3581440K, used 2799023K [0x00000004c0000000, 0x000000059a980000, 0x00000006c0000000)
  object space 3581440K, 78% used [0x00000004c0000000,0x000000056ad6be48,0x000000059a980000)
 Metaspace       used 45221K, capacity 45682K, committed 45824K, reserved 1089536K
  class space    used 6431K, capacity 6584K, committed 6656K, reserved 1048576K
}
Event: 17.740 GC heap before
{Heap before GC invocations=10 (full 4):
 PSYoungGen      total 772608K, used 145401K [0x00000006c0000000, 0x0000000724880000, 0x00000007c0000000)
  eden space 627200K, 0% used [0x00000006c0000000,0x00000006c0000000,0x00000006e6480000)
  from space 145408K, 99% used [0x00000006fd900000,0x00000007066fe6e0,0x0000000706700000)
  to   space 381440K, 0% used [0x00000006e6480000,0x00000006e6480000,0x00000006fd900000)
 ParOldGen       total 3581440K, used 2799023K [0x00000004c0000000, 0x000000059a980000, 0x00000006c0000000)
  object space 3581440K, 78% used [0x00000004c0000000,0x000000056ad6be48,0x000000059a980000)
 Metaspace       used 45221K, capacity 45682K, committed 45824K, reserved 1089536K
  class space    used 6431K, capacity 6584K, committed 6656K, reserved 1048576K
Event: 18.002 GC heap after
Heap after GC invocations=10 (full 4):
 PSYoungGen      total 772608K, used 0K [0x00000006c0000000, 0x0000000724880000, 0x00000007c0000000)
  eden space 627200K, 0% used [0x00000006c0000000,0x00000006c0000000,0x00000006e6480000)
  from space 145408K, 0% used [0x00000006fd900000,0x00000006fd900000,0x0000000706700000)
  to   space 381440K, 0% used [0x00000006e6480000,0x00000006e6480000,0x00000006fd900000)
 ParOldGen       total 4933120K, used 2944153K [0x00000004c0000000, 0x00000005ed180000, 0x00000006c0000000)
  object space 4933120K, 59% used [0x00000004c0000000,0x0000000573b266f8,0x00000005ed180000)
 Metaspace       used 45221K, capacity 45682K, committed 45824K, reserved 1089536K
  class space    used 6431K, capacity 6584K, committed 6656K, reserved 1048576K
}
Event: 19.883 GC heap before
{Heap before GC invocations=11 (full 4):
 PSYoungGen      total 772608K, used 627200K [0x00000006c0000000, 0x0000000724880000, 0x00000007c0000000)
  eden space 627200K, 100% used [0x00000006c0000000,0x00000006e6480000,0x00000006e6480000)
  from space 145408K, 0% used [0x00000006fd900000,0x00000006fd900000,0x0000000706700000)
  to   space 381440K, 0% used [0x00000006e6480000,0x00000006e6480000,0x00000006fd900000)
 ParOldGen       total 4933120K, used 3886031K [0x00000004c0000000, 0x00000005ed180000, 0x00000006c0000000)
  object space 4933120K, 78% used [0x00000004c0000000,0x00000005ad2f3f98,0x00000005ed180000)
 Metaspace       used 45606K, capacity 46002K, committed 46080K, reserved 1089536K
  class space    used 6501K, capacity 6648K, committed 6656K, reserved 1048576K
Event: 20.894 GC heap after
Heap after GC invocations=11 (full 4):
 PSYoungGen      total 1008640K, used 381425K [0x00000006c0000000, 0x000000074ae80000, 0x00000007c0000000)
  eden space 627200K, 0% used [0x00000006c0000000,0x00000006c0000000,0x00000006e6480000)
  from space 381440K, 99% used [0x00000006e6480000,0x00000006fd8fc6a0,0x00000006fd900000)
  to   space 585216K, 0% used [0x0000000727300000,0x0000000727300000,0x000000074ae80000)
 ParOldGen       total 4933120K, used 4109136K [0x00000004c0000000, 0x00000005ed180000, 0x00000006c0000000)
  object space 4933120K, 83% used [0x00000004c0000000,0x00000005bacd40c8,0x00000005ed180000)
 Metaspace       used 45606K, capacity 46002K, committed 46080K, reserved 1089536K
  class space    used 6501K, capacity 6648K, committed 6656K, reserved 1048576K
}
Event: 20.894 GC heap before
{Heap before GC invocations=12 (full 5):
 PSYoungGen      total 1008640K, used 381425K [0x00000006c0000000, 0x000000074ae80000, 0x00000007c0000000)
  eden space 627200K, 0% used [0x00000006c0000000,0x00000006c0000000,0x00000006e6480000)
  from space 381440K, 99% used [0x00000006e6480000,0x00000006fd8fc6a0,0x00000006fd900000)
  to   space 585216K, 0% used [0x0000000727300000,0x0000000727300000,0x000000074ae80000)
 ParOldGen       total 4933120K, used 4109136K [0x00000004c0000000, 0x00000005ed180000, 0x00000006c0000000)
  object space 4933120K, 83% used [0x00000004c0000000,0x00000005bacd40c8,0x00000005ed180000)
 Metaspace       used 45606K, capacity 46002K, committed 46080K, reserved 1089536K
  class space    used 6501K, capacity 6648K, committed 6656K, reserved 1048576K
Event: 21.133 GC heap after
Heap after GC invocations=12 (full 5):
 PSYoungGen      total 1008640K, used 0K [0x00000006c0000000, 0x000000074ae80000, 0x00000007c0000000)
  eden space 627200K, 0% used [0x00000006c0000000,0x00000006c0000000,0x00000006e6480000)
  from space 381440K, 0% used [0x00000006e6480000,0x00000006e6480000,0x00000006fd900000)
  to   space 585216K, 0% used [0x0000000727300000,0x0000000727300000,0x000000074ae80000)
 ParOldGen       total 5612544K, used 3547332K [0x00000004c0000000, 0x0000000616900000, 0x00000006c0000000)
  object space 5612544K, 63% used [0x00000004c0000000,0x00000005988312e0,0x0000000616900000)
 Metaspace       used 45606K, capacity 46002K, committed 46080K, reserved 1089536K
  class space    used 6501K, capacity 6648K, committed 6656K, reserved 1048576K
}
Event: 25.159 GC heap before
{Heap before GC invocations=13 (full 5):
 PSYoungGen      total 1008640K, used 627200K [0x00000006c0000000, 0x000000074ae80000, 0x00000007c0000000)
  eden space 627200K, 100% used [0x00000006c0000000,0x00000006e6480000,0x00000006e6480000)
  from space 381440K, 0% used [0x00000006e6480000,0x00000006e6480000,0x00000006fd900000)
  to   space 585216K, 0% used [0x0000000727300000,0x0000000727300000,0x000000074ae80000)
 ParOldGen       total 5612544K, used 4489210K [0x00000004c0000000, 0x0000000616900000, 0x00000006c0000000)
  object space 5612544K, 79% used [0x00000004c0000000,0x00000005d1ffeb80,0x0000000616900000)
 Metaspace       used 45611K, capacity 46002K, committed 46080K, reserved 1089536K
  class space    used 6501K, capacity 6648K, committed 6656K, reserved 1048576K
Event: 26.518 GC heap after
Heap after GC invocations=13 (full 5):
 PSYoungGen      total 1566720K, used 585176K [0x00000006c0000000, 0x000000075a100000, 0x00000007c0000000)
  eden space 981504K, 0% used [0x00000006c0000000,0x00000006c0000000,0x00000006fbe80000)
  from space 585216K, 99% used [0x0000000727300000,0x000000074ae76220,0x000000074ae80000)
  to   space 709120K, 0% used [0x00000006fbe80000,0x00000006fbe80000,0x0000000727300000)
 ParOldGen       total 5612544K, used 4524058K [0x00000004c0000000, 0x0000000616900000, 0x00000006c0000000)
  object space 5612544K, 80% used [0x00000004c0000000,0x00000005d4206b00,0x0000000616900000)
 Metaspace       used 45611K, capacity 46002K, committed 46080K, reserved 1089536K
  class space    used 6501K, capacity 6648K, committed 6656K, reserved 1048576K
}
Event: 26.988 GC heap before
{Heap before GC invocations=14 (full 5):
 PSYoungGen      total 1566720K, used 1186763K [0x00000006c0000000, 0x000000075a100000, 0x00000007c0000000)
  eden space 981504K, 61% used [0x00000006c0000000,0x00000006e4b7cca8,0x00000006fbe80000)
  from space 585216K, 99% used [0x0000000727300000,0x000000074ae76220,0x000000074ae80000)
  to   space 709120K, 0% used [0x00000006fbe80000,0x00000006fbe80000,0x0000000727300000)
 ParOldGen       total 5612544K, used 4524058K [0x00000004c0000000, 0x0000000616900000, 0x00000006c0000000)
  object space 5612544K, 80% used [0x00000004c0000000,0x00000005d4206b00,0x0000000616900000)
 Metaspace       used 45611K, capacity 46002K, committed 46080K, reserved 1089536K
  class space    used 6501K, capacity 6648K, committed 6656K, reserved 1048576K

